e:\dev\iir1\debug\vc141.pdb
e:\dev\iir1\debug\state.obj
e:\dev\iir1\debug\rootfinder.obj
e:\dev\iir1\debug\rbj.obj
e:\dev\iir1\debug\polefilter.obj
e:\dev\iir1\debug\legendre.obj
e:\dev\iir1\debug\elliptic.obj
e:\dev\iir1\debug\custom.obj
e:\dev\iir1\debug\chebyshevii.obj
e:\dev\iir1\debug\chebyshevi.obj
e:\dev\iir1\debug\cascade.obj
e:\dev\iir1\debug\butterworth.obj
e:\dev\iir1\debug\biquad.obj
e:\dev\iir1\debug\bessel.obj
e:\dev\iir1\debug\iirdemo.obj
e:\dev\iir1\debug\.netframework,version=v4.0.assemblyattributes.obj
e:\dev\iir1\debug\.netframework,version=v4.0.assemblyattributes.asm
e:\dev\iir1\debug\iir1.dll
e:\dev\iir1\debug\iir1.pdb
e:\dev\iir1\debug\iir1.vcxprojresolveassemblyreference.cache
e:\dev\iir1\debug\iir1.dll.metagen
e:\dev\iir1\debug\iir1.tlog\cl.command.1.tlog
e:\dev\iir1\debug\iir1.tlog\cl.read.1.tlog
e:\dev\iir1\debug\iir1.tlog\cl.write.1.tlog
e:\dev\iir1\debug\iir1.tlog\link.command.1.tlog
e:\dev\iir1\debug\iir1.tlog\link.read.1.tlog
e:\dev\iir1\debug\iir1.tlog\link.write.1.tlog
e:\dev\iir1\debug\iir1.tlog\metagen.read.1.tlog
e:\dev\iir1\debug\iir1.tlog\metagen.write.1.tlog
e:\dev\iir1\debug\iir1.tlog\rsaenh.dll.bi
e:\dev\iir1\debug\iir1.tlog\tzres.dll.bi
