  iirdemo.cpp
demo\iirdemo.cpp(22): warning C4996: 'fopen': This function or variable may be unsafe. Consider using fopen_s instead. To disable deprecation, use _CRT_SECURE_NO_WARNINGS. See online help for details.
  C:\Program Files (x86)\Windows Kits\10\Include\10.0.10240.0\ucrt\stdio.h(205): note: see declaration of 'fopen'
demo\iirdemo.cpp(60): warning C4996: 'fopen': This function or variable may be unsafe. Consider using fopen_s instead. To disable deprecation, use _CRT_SECURE_NO_WARNINGS. See online help for details.
  C:\Program Files (x86)\Windows Kits\10\Include\10.0.10240.0\ucrt\stdio.h(205): note: see declaration of 'fopen'
  Bessel.cpp
  Biquad.cpp
  Butterworth.cpp
  Cascade.cpp
  ChebyshevI.cpp
  ChebyshevII.cpp
  Custom.cpp
  Elliptic.cpp
  Legendre.cpp
  PoleFilter.cpp
  RBJ.cpp
  RootFinder.cpp
  State.cpp
  Generating Code...
  .NETFramework,Version=v4.0.AssemblyAttributes.cpp
.NETFramework,Version=v4.0.AssemblyAttributes.obj : warning LNK4221: This object file does not define any previously undefined public symbols, so it will not be used by any link operation that consumes this library
  iir1.vcxproj -> E:\Dev\iir1\Debug\iir1.lib
